<?xml version="1.0" encoding="UTF-8"?>
<testng-results ignored="0" total="0" passed="0" failed="0" skipped="0">
  <reporter-output>
  </reporter-output>
  <suite started-at="2022-03-25T04:21:47Z" name="org.test.falconWebAutomation.AppTest" finished-at="2022-03-25T04:21:47Z" duration-ms="11">
    <groups>
    </groups>
    <test started-at="2022-03-25T04:21:47Z" name="Command line test" finished-at="2022-03-25T04:21:47Z" duration-ms="11">
    </test> <!-- Command line test -->
  </suite> <!-- org.test.falconWebAutomation.AppTest -->
</testng-results>
