<?xml version="1.0" encoding="UTF-8"?>
<!-- Generated by org.testng.reporters.JUnitXMLReporter -->
<testsuite ignored="0" hostname="ATMECSINLT-825" failures="1" tests="1" name="SampleTest" time="2.76" errors="0" timestamp="15 Feb 2022 05:03:52 GMT">
  <testcase classname="org.test.falconWebAutomation.testscript.Amazon" name="sampleTest" time="2.417">
    <failure type="java.lang.AssertionError" message="Unexpected error, please check with URL no protocol: ">
      <![CDATA[java.lang.AssertionError: Unexpected error, please check with URL no protocol: 
at com.atmecs.falcon.automation.ui.selenium.Browser.validateURL(Browser.java:543)
at com.atmecs.falcon.automation.ui.selenium.Browser.openURL(Browser.java:380)
at org.test.falconWebAutomation.testscript.Amazon.sampleTest(Amazon.java:27)
at org.test.falconWebAutomation.runner.TestNGRunner.main(TestNGRunner.java:78)
at org.codehaus.mojo.exec.ExecJavaMojo$1.run(ExecJavaMojo.java:294)
at java.base/java.lang.Thread.run(Thread.java:833)
... Removed 27 stack frames]]>
    </failure>
  </testcase> <!-- sampleTest -->
</testsuite> <!-- SampleTest -->
